<?xml version="1.0" encoding="UTF-8"?>
<!-- Generated by org.testng.reporters.JUnitReportReporter -->
<testsuite skipped="0" hostname="Adityayadav-PC" name="Testclass.TestDBvalue" tests="1" failures="0" timestamp="2021-07-27T18:16:38 IST" time="1.984" errors="0">
  <testcase name="TestDBvaluefun" time="1.984" classname="Testclass.TestDBvalue"/>
</testsuite> <!-- Testclass.TestDBvalue -->
