<?xml version="1.0" encoding="UTF-8"?>
<!-- Generated by org.testng.reporters.JUnitReportReporter -->
<testsuite skipped="0" hostname="Adityayadav-PC" name="Testclass.TestpquserCreationOnly" tests="1" failures="0" timestamp="2021-07-13T11:52:07 IST" time="34.171" errors="0">
  <testcase name="Testpquser" time="34.171" classname="Testclass.TestpquserCreationOnly"/>
</testsuite> <!-- Testclass.TestpquserCreationOnly -->
