<?xml version="1.0" encoding="UTF-8"?>
<!-- Generated by org.testng.reporters.JUnitReportReporter -->
<testsuite skipped="1" hostname="Adityayadav-PC" name="pqEndToEnd.pqEndToEnd.TestClixPennant" tests="4" failures="0" timestamp="2021-06-23T18:29:40 IST" time="125.180" errors="0">
  <testcase name="shortFormPanFormDetails" time="54.277" classname="pqEndToEnd.pqEndToEnd.TestClixPennant"/>
  <testcase name="personalandOfficeDetailsDetails" time="25.767" classname="pqEndToEnd.pqEndToEnd.TestClixPennant"/>
  <testcase name="additionalDetails" time="45.136" classname="pqEndToEnd.pqEndToEnd.TestClixPennant"/>
  <testcase name="testLoginAndOffer" classname="pqEndToEnd.pqEndToEnd.TestClixPennant">
    <skipped/>
  </testcase> <!-- testLoginAndOffer -->
</testsuite> <!-- pqEndToEnd.pqEndToEnd.TestClixPennant -->
