<?xml version="1.0" encoding="UTF-8"?>
<!-- Generated by org.testng.reporters.JUnitReportReporter -->
<testsuite skipped="0" hostname="Adityayadav-PC" name="pqUserCreation.deactiavteUser" tests="1" failures="0" timestamp="2021-05-21T19:34:30 IST" time="14.088" errors="0">
  <testcase name="deactivateUserFun" time="14.088" classname="pqUserCreation.deactiavteUser"/>
</testsuite> <!-- pqUserCreation.deactiavteUser -->
