<?xml version="1.0" encoding="UTF-8"?>
<!-- Generated by org.testng.reporters.JUnitReportReporter -->
<testsuite skipped="0" hostname="Adityayadav-PC" name="Testclass.TestpquserCreationOnly" tests="1" failures="0" timestamp="2021-07-08T15:14:29 IST" time="23.753" errors="0">
  <testcase name="openIndialends" time="23.753" classname="Testclass.TestpquserCreationOnly"/>
</testsuite> <!-- Testclass.TestpquserCreationOnly -->
