<?xml version="1.0" encoding="UTF-8"?>
<!-- Generated by org.testng.reporters.JUnitReportReporter -->
<testsuite skipped="0" hostname="Adityayadav-PC" name="pqUserCreation.CreatePquser" tests="1" failures="0" timestamp="2021-05-19T13:02:20 IST" time="44.602" errors="0">
  <testcase name="createPQuserFun" time="44.602" classname="pqUserCreation.CreatePquser"/>
</testsuite> <!-- pqUserCreation.CreatePquser -->
